# JRE version: Java(TM) SE Runtime Environment (8.0_45-b15) (build 1.8.0_45-b15)
# Java VM: Java HotSpot(TM) 64-Bit Server VM (25.45-b02 mixed mode windows-amd64 compressed oops)
Heap:
 PSYoungGen      total 38912K, used 31419K [0x00000000d5f00000, 0x00000000d8680000, 0x0000000100000000)
  eden space 37376K, 81% used [0x00000000d5f00000,0x00000000d7cc6c98,0x00000000d8380000)
  from space 1536K, 60% used [0x00000000d8380000,0x00000000d8468000,0x00000000d8500000)
  to   space 1536K, 0% used [0x00000000d8500000,0x00000000d8500000,0x00000000d8680000)
 ParOldGen       total 207360K, used 126728K [0x0000000081c00000, 0x000000008e680000, 0x00000000d5f00000)
  object space 207360K, 61% used [0x0000000081c00000,0x00000000897c23d8,0x000000008e680000)
 Metaspace       used 116790K, capacity 118440K, committed 118784K, reserved 1153024K
  class space    used 14697K, capacity 14978K, committed 15104K, reserved 1048576K
GC Heap History (10 events):
Event: 68167.414 GC heap before
{Heap before GC invocations=631 (full 4):
 PSYoungGen      total 38912K, used 38768K [0x00000000d5f00000, 0x00000000d8600000, 0x0000000100000000)
  eden space 37888K, 100% used [0x00000000d5f00000,0x00000000d8400000,0x00000000d8400000)
  from space 1024K, 85% used [0x00000000d8500000,0x00000000d85dc010,0x00000000d8600000)
  to   space 1024K, 0% used [0x00000000d8400000,0x00000000d8400000,0x00000000d8500000)
 ParOldGen       total 207360K, used 126616K [0x0000000081c00000, 0x000000008e680000, 0x00000000d5f00000)
  object space 207360K, 61% used [0x0000000081c00000,0x00000000897a63d8,0x000000008e680000)
 Metaspace       used 116771K, capacity 118376K, committed 118528K, reserved 1153024K
  class space    used 14697K, capacity 14978K, committed 15104K, reserved 1048576K
Event: 68167.419 GC heap after
Heap after GC invocations=631 (full 4):
 PSYoungGen      total 38912K, used 800K [0x00000000d5f00000, 0x00000000d8600000, 0x0000000100000000)
  eden space 37888K, 0% used [0x00000000d5f00000,0x00000000d5f00000,0x00000000d8400000)
  from space 1024K, 78% used [0x00000000d8400000,0x00000000d84c8000,0x00000000d8500000)
  to   space 1024K, 0% used [0x00000000d8500000,0x00000000d8500000,0x00000000d8600000)
 ParOldGen       total 207360K, used 126632K [0x0000000081c00000, 0x000000008e680000, 0x00000000d5f00000)
  object space 207360K, 61% used [0x0000000081c00000,0x00000000897aa3d8,0x000000008e680000)
 Metaspace       used 116771K, capacity 118376K, committed 118528K, reserved 1153024K
  class space    used 14697K, capacity 14978K, committed 15104K, reserved 1048576K
}
Event: 68238.504 GC heap before
{Heap before GC invocations=632 (full 4):
 PSYoungGen      total 38912K, used 38688K [0x00000000d5f00000, 0x00000000d8600000, 0x0000000100000000)
  eden space 37888K, 100% used [0x00000000d5f00000,0x00000000d8400000,0x00000000d8400000)
  from space 1024K, 78% used [0x00000000d8400000,0x00000000d84c8000,0x00000000d8500000)
  to   space 1024K, 0% used [0x00000000d8500000,0x00000000d8500000,0x00000000d8600000)
 ParOldGen       total 207360K, used 126632K [0x0000000081c00000, 0x000000008e680000, 0x00000000d5f00000)
  object space 207360K, 61% used [0x0000000081c00000,0x00000000897aa3d8,0x000000008e680000)
 Metaspace       used 116779K, capacity 118440K, committed 118784K, reserved 1153024K
  class space    used 14697K, capacity 14978K, committed 15104K, reserved 1048576K
Event: 68238.518 GC heap after
Heap after GC invocations=632 (full 4):
 PSYoungGen      total 38400K, used 928K [0x00000000d5f00000, 0x00000000d8700000, 0x0000000100000000)
  eden space 37376K, 0% used [0x00000000d5f00000,0x00000000d5f00000,0x00000000d8380000)
  from space 1024K, 90% used [0x00000000d8500000,0x00000000d85e8000,0x00000000d8600000)
  to   space 1536K, 0% used [0x00000000d8380000,0x00000000d8380000,0x00000000d8500000)
 ParOldGen       total 207360K, used 126656K [0x0000000081c00000, 0x000000008e680000, 0x00000000d5f00000)
  object space 207360K, 61% used [0x0000000081c00000,0x00000000897b03d8,0x000000008e680000)
 Metaspace       used 116779K, capacity 118440K, committed 118784K, reserved 1153024K
  class space    used 14697K, capacity 14978K, committed 15104K, reserved 1048576K
}
Event: 68307.015 GC heap before
{Heap before GC invocations=633 (full 4):
 PSYoungGen      total 38400K, used 38301K [0x00000000d5f00000, 0x00000000d8700000, 0x0000000100000000)
  eden space 37376K, 99% used [0x00000000d5f00000,0x00000000d837f5a8,0x00000000d8380000)
  from space 1024K, 90% used [0x00000000d8500000,0x00000000d85e8000,0x00000000d8600000)
  to   space 1536K, 0% used [0x00000000d8380000,0x00000000d8380000,0x00000000d8500000)
 ParOldGen       total 207360K, used 126656K [0x0000000081c00000, 0x000000008e680000, 0x00000000d5f00000)
  object space 207360K, 61% used [0x0000000081c00000,0x00000000897b03d8,0x000000008e680000)
 Metaspace       used 116779K, capacity 118440K, committed 118784K, reserved 1153024K
  class space    used 14697K, capacity 14978K, committed 15104K, reserved 1048576K
Event: 68307.022 GC heap after
Heap after GC invocations=633 (full 4):
 PSYoungGen      total 38912K, used 944K [0x00000000d5f00000, 0x00000000d8680000, 0x0000000100000000)
  eden space 37376K, 0% used [0x00000000d5f00000,0x00000000d5f00000,0x00000000d8380000)
  from space 1536K, 61% used [0x00000000d8380000,0x00000000d846c010,0x00000000d8500000)
  to   space 1536K, 0% used [0x00000000d8500000,0x00000000d8500000,0x00000000d8680000)
 ParOldGen       total 207360K, used 126688K [0x0000000081c00000, 0x000000008e680000, 0x00000000d5f00000)
  object space 207360K, 61% used [0x0000000081c00000,0x00000000897b83d8,0x000000008e680000)
 Metaspace       used 116779K, capacity 118440K, committed 118784K, reserved 1153024K
  class space    used 14697K, capacity 14978K, committed 15104K, reserved 1048576K
}
Event: 68378.508 GC heap before
{Heap before GC invocations=634 (full 4):
 PSYoungGen      total 38912K, used 38320K [0x00000000d5f00000, 0x00000000d8680000, 0x0000000100000000)
  eden space 37376K, 100% used [0x00000000d5f00000,0x00000000d8380000,0x00000000d8380000)
  from space 1536K, 61% used [0x00000000d8380000,0x00000000d846c010,0x00000000d8500000)
  to   space 1536K, 0% used [0x00000000d8500000,0x00000000d8500000,0x00000000d8680000)
 ParOldGen       total 207360K, used 126688K [0x0000000081c00000, 0x000000008e680000, 0x00000000d5f00000)
  object space 207360K, 61% used [0x0000000081c00000,0x00000000897b83d8,0x000000008e680000)
 Metaspace       used 116779K, capacity 118440K, committed 118784K, reserved 1153024K
  class space    used 14697K, capacity 14978K, committed 15104K, reserved 1048576K
Event: 68378.516 GC heap after
Heap after GC invocations=634 (full 4):
 PSYoungGen      total 38912K, used 896K [0x00000000d5f00000, 0x00000000d8680000, 0x0000000100000000)
  eden space 37376K, 0% used [0x00000000d5f00000,0x00000000d5f00000,0x00000000d8380000)
  from space 1536K, 58% used [0x00000000d8500000,0x00000000d85e0000,0x00000000d8680000)
  to   space 1536K, 0% used [0x00000000d8380000,0x00000000d8380000,0x00000000d8500000)
 ParOldGen       total 207360K, used 126704K [0x0000000081c00000, 0x000000008e680000, 0x00000000d5f00000)
  object space 207360K, 61% used [0x0000000081c00000,0x00000000897bc3d8,0x000000008e680000)
 Metaspace       used 116779K, capacity 118440K, committed 118784K, reserved 1153024K
  class space    used 14697K, capacity 14978K, committed 15104K, reserved 1048576K
}
Event: 68456.018 GC heap before
{Heap before GC invocations=635 (full 4):
 PSYoungGen      total 38912K, used 38272K [0x00000000d5f00000, 0x00000000d8680000, 0x0000000100000000)
  eden space 37376K, 100% used [0x00000000d5f00000,0x00000000d8380000,0x00000000d8380000)
  from space 1536K, 58% used [0x00000000d8500000,0x00000000d85e0000,0x00000000d8680000)
  to   space 1536K, 0% used [0x00000000d8380000,0x00000000d8380000,0x00000000d8500000)
 ParOldGen       total 207360K, used 126704K [0x0000000081c00000, 0x000000008e680000, 0x00000000d5f00000)
  object space 207360K, 61% used [0x0000000081c00000,0x00000000897bc3d8,0x000000008e680000)
 Metaspace       used 116779K, capacity 118440K, committed 118784K, reserved 1153024K
  class space    used 14697K, capacity 14978K, committed 15104K, reserved 1048576K
Event: 68456.025 GC heap after
Heap after GC invocations=635 (full 4):
 PSYoungGen      total 38912K, used 928K [0x00000000d5f00000, 0x00000000d8680000, 0x0000000100000000)
  eden space 37376K, 0% used [0x00000000d5f00000,0x00000000d5f00000,0x00000000d8380000)
  from space 1536K, 60% used [0x00000000d8380000,0x00000000d8468000,0x00000000d8500000)
  to   space 1536K, 0% used [0x00000000d8500000,0x00000000d8500000,0x00000000d8680000)
 ParOldGen       total 207360K, used 126728K [0x0000000081c00000, 0x000000008e680000, 0x00000000d5f00000)
  object space 207360K, 61% used [0x0000000081c00000,0x00000000897c23d8,0x000000008e680000)
 Metaspace       used 116779K, capacity 118440K, committed 118784K, reserved 1153024K
  class space    used 14697K, capacity 14978K, committed 15104K, reserved 1048576K
}

